Build started 13-05-2012 23:52:23.
     1>Project "C:\Users\Paulo\Desktop\so2\projects\TP\TP\TP.vcxproj" on node 2 (build target(s)).
     1>InitializeBuildStatus:
         Creating "Debug\TP.unsuccessfulbuild" because "AlwaysCreate" was specified.
       ClCompile:
         C:\Program Files (x86)\Microsoft Visual Studio 10.0\VC\bin\CL.exe /c /ZI /nologo /W3 /WX- /Od /Oy- /D WIN32 /D _DEBUG /D _WINDOWS /D _MBCS /Gm /EHsc /RTC1 /MDd /GS /fp:precise /Zc:wchar_t /Zc:forScope /Fo"Debug\\" /Fd"Debug\vc100.pdb" /Gd /TC /analyze- /errorReport:prompt ClientPACMAN.c
         ClientPACMAN.c
       ResourceCompile:
         All outputs are up-to-date.
       ManifestResourceCompile:
         All outputs are up-to-date.
       Link:
         C:\Program Files (x86)\Microsoft Visual Studio 10.0\VC\bin\link.exe /ERRORREPORT:PROMPT /OUT:"C:\Users\Paulo\Desktop\so2\projects\TP\Debug\TP.exe" /INCREMENTAL /NOLOGO kernel32.lib user32.lib gdi32.lib winspool.lib comdlg32.lib advapi32.lib shell32.lib ole32.lib oleaut32.lib uuid.lib odbc32.lib odbccp32.lib /MANIFEST /ManifestFile:"Debug\TP.exe.intermediate.manifest" /MANIFESTUAC:"level='asInvoker' uiAccess='false'" /DEBUG /PDB:"C:\Users\Paulo\Desktop\so2\projects\TP\Debug\TP.pdb" /SUBSYSTEM:WINDOWS /TLBID:1 /DYNAMICBASE /NXCOMPAT /IMPLIB:"C:\Users\Paulo\Desktop\so2\projects\TP\Debug\TP.lib" /MACHINE:X86 Debug\TP.res
         Debug\TP.exe.embed.manifest.res
         Debug\ClientPACMAN.obj
       Manifest:
         C:\Program Files (x86)\Microsoft SDKs\Windows\v7.0A\bin\mt.exe /nologo /verbose /out:"Debug\TP.exe.embed.manifest" /manifest Debug\TP.exe.intermediate.manifest
         All outputs are up-to-date.
       LinkEmbedManifest:
         All outputs are up-to-date.
         TP.vcxproj -> C:\Users\Paulo\Desktop\so2\projects\TP\Debug\TP.exe
       FinalizeBuildStatus:
         Deleting file "Debug\TP.unsuccessfulbuild".
         Touching "Debug\TP.lastbuildstate".
     1>Done Building Project "C:\Users\Paulo\Desktop\so2\projects\TP\TP\TP.vcxproj" (build target(s)).

Build succeeded.

Time Elapsed 00:00:01.68
